\BOOKMARK [0][-]{section*.1}{\376\377\000I\000N\000F\000O\0008\0000\0001\0000\000:\000\040\000B\000r\000a\000i\000n\000\040\000C\000a\000n\000c\000e\000r\000\040\000D\000e\000t\000e\000c\000t\000i\000o\000n\000\040\000P\000r\000o\000j\000e\000c\000t\000\040\000R\000e\000p\000o\000r\000t}{}% 1
\BOOKMARK [1][-]{section*.2}{\376\377\000A\000b\000s\000t\000r\000a\000c\000t}{section*.1}% 2
\BOOKMARK [1][-]{section*.3}{\376\377\000I\000n\000t\000r\000o\000d\000u\000c\000t\000i\000o\000n}{section*.1}% 3
\BOOKMARK [1][-]{section*.4}{\376\377\000R\000e\000l\000a\000t\000e\000d\000\040\000W\000o\000r\000k}{section*.1}% 4
\BOOKMARK [2][-]{section*.5}{\376\377\000D\000e\000n\000o\000i\000s\000i\000n\000g\000\040\000D\000i\000f\000f\000u\000s\000i\000o\000n\000\040\000P\000r\000o\000b\000a\000b\000i\000l\000i\000s\000t\000i\000c\000\040\000M\000o\000d\000e\000l\000s}{section*.4}% 5
\BOOKMARK [2][-]{section*.6}{\376\377\000M\000o\000d\000i\000f\000i\000e\000d\000\040\000F\000o\000r\000w\000a\000r\000d\000\040\000D\000i\000f\000f\000u\000s\000i\000o\000n\000\040\000K\000e\000r\000n\000e\000l}{section*.4}% 6
\BOOKMARK [1][-]{section*.7}{\376\377\000M\000e\000t\000h\000o\000d\000s}{section*.1}% 7
\BOOKMARK [2][-]{section*.8}{\376\377\000D\000a\000t\000a}{section*.7}% 8
\BOOKMARK [3][-]{section*.9}{\376\377\000D\000a\000t\000a\000s\000e\000t\000\040\000D\000e\000s\000c\000r\000i\000p\000t\000i\000o\000n}{section*.8}% 9
\BOOKMARK [3][-]{section*.10}{\376\377\000D\000a\000t\000a\000\040\000P\000r\000e\000p\000r\000o\000c\000e\000s\000s\000i\000n\000g}{section*.8}% 10
\BOOKMARK [3][-]{section*.11}{\376\377\000S\000p\000l\000i\000t\000i\000n\000g\000\040\000D\000a\000t\000a\000:}{section*.8}% 11
\BOOKMARK [2][-]{section*.12}{\376\377\000A\000r\000c\000h\000i\000t\000e\000c\000t\000u\000r\000e}{section*.7}% 12
\BOOKMARK [3][-]{section*.13}{\376\377\000D\000e\000s\000c\000r\000i\000p\000t\000i\000o\000n\000\040\000o\000f\000\040\000t\000h\000e\000\040\000g\000e\000n\000e\000r\000a\000l\000\040\000a\000r\000c\000h\000i\000t\000e\000c\000t\000u\000r\000e\000\040\000f\000o\000r\000\040\000t\000h\000e\000\040\000d\000e\000n\000o\000i\000s\000e\000r\000\040\000m\000o\000d\000e\000l}{section*.12}% 13
\BOOKMARK [3][-]{section*.14}{\376\377\000M\000o\000t\000i\000v\000a\000t\000i\000n\000g\000\040\000c\000h\000o\000i\000c\000e\000s}{section*.12}% 14
\BOOKMARK [3][-]{section*.15}{\376\377\000R\000e\000c\000a\000p\000i\000t\000u\000l\000a\000t\000i\000v\000e\000\040\000T\000a\000b\000l\000e\000:}{section*.12}% 15
\BOOKMARK [3][-]{section*.16}{\376\377\000M\000i\000n\000i\000\040\000U\000-\000N\000e\000t\000\040\000D\000D\000P\000M\000\040\0001\0000\000M\000\040\000A\000r\000c\000h\000i\000t\000e\000c\000t\000u\000r\000e\000:}{section*.12}% 16
\BOOKMARK [3][-]{section*.19}{\376\377\000S\000i\000m\000p\000l\000e\000\040\000U\000-\000N\000e\000t\000\040\000D\000D\000P\000M\000\040\0004\0009\000M\000\040\000A\000r\000c\000h\000i\000t\000e\000c\000t\000u\000r\000e\000:}{section*.12}% 17
\BOOKMARK [3][-]{section*.20}{\376\377\000M\000e\000g\000a\000\040\000U\000-\000N\000e\000t\000\040\000D\000D\000P\000M\000\040\0007\0004\000M\000\040\000A\000r\000c\000h\000i\000t\000e\000c\000t\000u\000r\000e\000:}{section*.12}% 18
\BOOKMARK [3][-]{section*.21}{\376\377\000G\000i\000g\000a\000\040\000U\000-\000N\000e\000t\000\040\000D\000D\000P\000M\000\040\0008\0005\000M\000\040\000A\000r\000c\000h\000i\000t\000e\000c\000t\000u\000r\000e\000:}{section*.12}% 19
\BOOKMARK [2][-]{section*.22}{\376\377\000T\000r\000a\000i\000n\000i\000n\000g}{section*.7}% 20
\BOOKMARK [3][-]{section*.23}{\376\377\000B\000a\000t\000c\000h\000\040\000S\000i\000z\000e\000\040\000a\000n\000d\000\040\000D\000r\000o\000p\000o\000u\000t}{section*.22}% 21
\BOOKMARK [3][-]{section*.24}{\376\377\000N\000o\000i\000s\000e\000\040\000S\000c\000h\000e\000d\000u\000l\000i\000n\000g\000:}{section*.22}% 22
\BOOKMARK [3][-]{section*.25}{\376\377\000P\000a\000r\000a\000m\000e\000t\000e\000r\000s}{section*.22}% 23
\BOOKMARK [3][-]{section*.26}{\376\377\000O\000p\000t\000i\000m\000i\000z\000e\000r}{section*.22}% 24
\BOOKMARK [3][-]{section*.27}{\376\377\000L\000o\000s\000s\000\040\000F\000u\000n\000c\000t\000i\000o\000n}{section*.22}% 25
\BOOKMARK [1][-]{section*.28}{\376\377\000R\000e\000s\000u\000l\000t\000s}{section*.1}% 26
\BOOKMARK [1][-]{section*.29}{\376\377\000D\000i\000s\000c\000u\000s\000s\000i\000o\000n}{section*.1}% 27
\BOOKMARK [2][-]{section*.30}{\376\377\000M\000o\000d\000e\000\040\000c\000o\000l\000l\000a\000p\000s\000e}{section*.29}% 28
\BOOKMARK [2][-]{section*.31}{\376\377\000S\000e\000l\000f\000-\000A\000t\000t\000e\000n\000t\000i\000o\000n\000\040\000i\000n\000\040\000U\000n\000e\000t}{section*.29}% 29
\BOOKMARK [2][-]{section*.32}{\376\377\000P\000o\000s\000i\000t\000i\000o\000n\000a\000l\000\040\000E\000m\000b\000e\000d\000d\000i\000n\000g\000\040\000f\000o\000r\000\040\000S\000e\000l\000f\000-\000A\000t\000t\000e\000n\000t\000i\000o\000n\000\040\000\046\000\040\000t\000h\000e\000\040\000s\000h\000a\000p\000e\000\040\000o\000f\000\040\000a\000t\000t\000e\000n\000t\000i\000o\000n\000-\000i\000n\000p\000u\000t}{section*.29}% 30
\BOOKMARK [2][-]{section*.33}{\376\377\000L\000a\000r\000g\000e\000r\000\040\000a\000n\000d\000\040\000w\000e\000l\000l\000\040\000s\000t\000r\000u\000c\000t\000u\000r\000e\000d\000\040\000m\000o\000d\000e\000l\000s\000\040\000l\000e\000a\000r\000n\000\040\000f\000a\000s\000t\000e\000r\000\040\000t\000h\000a\000n\000\040\000s\000m\000a\000l\000l\000e\000r\000\040\000o\000n\000e\000s}{section*.29}% 31
\BOOKMARK [1][-]{section*.34}{\376\377\000R\000e\000f\000e\000r\000e\000n\000c\000e\000s}{section*.1}% 32
\BOOKMARK [1][-]{section*.35}{\376\377\000T\000h\000e\000\040\000d\000e\000c\000e\000p\000t\000i\000v\000e\000\040\000p\000e\000r\000f\000o\000r\000m\000a\000n\000c\000e\000\040\000o\000f\000\040\000S\000c\000o\000r\000e\000-\000b\000a\000s\000e\000d\000\040\000E\000n\000e\000r\000g\000y\000\040\000m\000o\000d\000e\000l}{section*.1}% 33
\BOOKMARK [1][-]{section*.36}{\376\377\000S\000a\000m\000p\000l\000e\000d\000\040\000I\000m\000a\000g\000e\000s\000\040\000f\000o\000r\000\040\000M\000i\000n\000i\000\040\0001\0000\000M\000\040\000A\000r\000c\000h\000i\000t\000e\000c\000t\000u\000r\000e}{section*.1}% 34
\BOOKMARK [1][-]{section*.37}{\376\377\000S\000a\000m\000p\000l\000e\000d\000\040\000I\000m\000a\000g\000e\000s\000\040\000f\000o\000r\000\040\000S\000i\000m\000p\000l\000e\000\040\0004\0009\000M\000\040\000A\000r\000c\000h\000i\000t\000e\000c\000t\000u\000r\000e}{section*.1}% 35
\BOOKMARK [1][-]{section*.38}{\376\377\000S\000a\000m\000p\000l\000e\000d\000\040\000I\000m\000a\000g\000e\000s\000\040\000f\000o\000r\000\040\000M\000e\000g\000a\000\040\0007\0004\000M\000\040\000A\000r\000c\000h\000i\000t\000e\000c\000t\000u\000r\000e\000:}{section*.1}% 36
\BOOKMARK [1][-]{section*.39}{\376\377\000S\000a\000m\000p\000l\000e\000d\000\040\000I\000m\000a\000g\000e\000s\000\040\000f\000o\000r\000\040\000M\000e\000g\000a\000\040\0007\0004\000M\000\040\000A\000r\000c\000h\000i\000t\000e\000c\000t\000u\000r\000e}{section*.1}% 37
\BOOKMARK [1][-]{section*.40}{\376\377\000S\000a\000m\000p\000l\000e\000d\000\040\000I\000m\000a\000g\000e\000s\000\040\000f\000o\000r\000\040\000G\000i\000g\000a\000\040\0008\0005\000M\000\040\000A\000r\000c\000h\000i\000t\000e\000c\000t\000u\000r\000e}{section*.1}% 38
